
/home/runner/work/exp-accelerated-stability-studies-iitk/exp-accelerated-stability-studies-iitk/experiment/simulation/script.js
     1:5    warning  'on' is assigned a value but never used            no-unused-vars
     2:5    warning  'tare' is assigned a value but never used          no-unused-vars
     5:5    warning  'cap' is assigned a value but never used           no-unused-vars
     9:5    warning  'flask' is assigned a value but never used         no-unused-vars
    10:5    warning  'bottel' is assigned a value but never used        no-unused-vars
    11:5    warning  'next' is assigned a value but never used          no-unused-vars
    12:5    warning  'start' is assigned a value but never used         no-unused-vars
    17:5    warning  'sample' is assigned a value but never used        no-unused-vars
    18:5    warning  'powderleft' is assigned a value but never used    no-unused-vars
    24:10   warning  'movepetri' is defined but never used              no-unused-vars
    31:1    warning  'stp2' is not defined                              no-undef
    32:1    warning  'stp3' is not defined                              no-undef
    34:1    warning  'stp5' is not defined                              no-undef
    36:10   warning  'startExperiment' is defined but never used        no-unused-vars
    42:9    warning  'machineName' is not defined                       no-undef
    43:9    warning  'petriName' is not defined                         no-undef
    44:9    warning  'spatulaName' is not defined                       no-undef
    45:9    warning  'salicylicacidName' is not defined                 no-undef
    46:9    warning  'volumetricflaskName' is not defined               no-undef
    47:9    warning  'DistilledwaterName1' is not defined               no-undef
    48:9    warning  'startBtn' is not defined                          no-undef
    49:9    warning  'text' is not defined                              no-undef
    57:10   warning  'on1' is defined but never used                    no-unused-vars
    62:13   warning  'machineName' is not defined                       no-undef
    63:13   warning  'petriName' is not defined                         no-undef
    64:13   warning  'spatulaName' is not defined                       no-undef
    65:13   warning  'salicylicacidName' is not defined                 no-undef
    66:13   warning  'volumetricflaskName' is not defined               no-undef
    67:13   warning  'DistilledwaterName1' is not defined               no-undef
    68:13   warning  'startBtn' is not defined                          no-undef
    69:13   warning  'text' is not defined                              no-undef
    77:10   warning  'tare1' is defined but never used                  no-unused-vars
    81:9    warning  'text' is not defined                              no-undef
    82:9    warning  'text' is not defined                              no-undef
    93:10   warning  'moveBoxCap' is defined but never used             no-unused-vars
    96:9    warning  'boxcap' is not defined                            no-undef
    98:13   warning  'boxcap' is not defined                            no-undef
   100:17   warning  'boxcap' is not defined                            no-undef
   101:17   warning  'text' is not defined                              no-undef
   109:9    warning  'boxcap' is not defined                            no-undef
   111:13   warning  'boxcap' is not defined                            no-undef
   113:17   warning  'boxcap' is not defined                            no-undef
   115:17   warning  'text' is not defined                              no-undef
   125:10   warning  'spatula1' is defined but never used               no-unused-vars
   143:21   warning  'sample1' is not defined                           no-undef
   144:21   warning  'sample1' is not defined                           no-undef
   145:21   warning  'sample1' is not defined                           no-undef
   146:21   warning  'sample1' is not defined                           no-undef
   150:25   warning  'sample1' is not defined                           no-undef
   155:29   warning  'sample1' is not defined                           no-undef
   156:29   warning  'sample1' is not defined                           no-undef
   159:33   warning  'sample1' is not defined                           no-undef
   184:61   warning  'sample2' is not defined                           no-undef
   185:61   warning  'sample2' is not defined                           no-undef
   186:61   warning  'sample2' is not defined                           no-undef
   187:61   warning  'sample2' is not defined                           no-undef
   191:65   warning  'sample2' is not defined                           no-undef
   196:69   warning  'sample2' is not defined                           no-undef
   197:69   warning  'sample2' is not defined                           no-undef
   200:74   warning  'sample1' is not defined                           no-undef
   220:101  warning  'sample3' is not defined                           no-undef
   221:101  warning  'sample3' is not defined                           no-undef
   222:101  warning  'sample3' is not defined                           no-undef
   223:101  warning  'sample3' is not defined                           no-undef
   227:105  warning  'sample3' is not defined                           no-undef
   232:109  warning  'sample3' is not defined                           no-undef
   233:109  warning  'sample3' is not defined                           no-undef
   236:113  warning  'sample3' is not defined                           no-undef
   237:113  warning  'sample3' is not defined                           no-undef
   245:117  warning  'text' is not defined                              no-undef
   292:25   warning  'text' is not defined                              no-undef
   309:9    warning  'sample1' is not defined                           no-undef
   310:9    warning  'sample2' is not defined                           no-undef
   311:9    warning  'sample3' is not defined                           no-undef
   315:13   warning  'sample1' is not defined                           no-undef
   316:13   warning  'sample2' is not defined                           no-undef
   317:13   warning  'sample3' is not defined                           no-undef
   320:17   warning  'sample1' is not defined                           no-undef
   321:17   warning  'sample2' is not defined                           no-undef
   322:17   warning  'sample3' is not defined                           no-undef
   324:17   warning  'fallpowder' is not defined                        no-undef
   331:21   warning  'sample1' is not defined                           no-undef
   332:21   warning  'sample2' is not defined                           no-undef
   333:21   warning  'sample3' is not defined                           no-undef
   336:21   warning  'sample1' is not defined                           no-undef
   337:21   warning  'sample2' is not defined                           no-undef
   338:21   warning  'sample3' is not defined                           no-undef
   339:21   warning  'sample1' is not defined                           no-undef
   340:21   warning  'sample2' is not defined                           no-undef
   341:21   warning  'sample3' is not defined                           no-undef
   342:21   warning  'sample1' is not defined                           no-undef
   343:21   warning  'sample2' is not defined                           no-undef
   344:21   warning  'sample3' is not defined                           no-undef
   345:21   warning  'fallpowder' is not defined                        no-undef
   347:21   warning  'sample1' is not defined                           no-undef
   348:21   warning  'sample2' is not defined                           no-undef
   349:21   warning  'sample3' is not defined                           no-undef
   350:21   warning  'volumetricflasks' is not defined                  no-undef
   356:29   warning  'text' is not defined                              no-undef
   370:11   warning  'movebottel' is defined but never used             no-unused-vars
   374:9    warning  'distilled_water1' is not defined                  no-undef
   376:9    warning  'distilled_water1' is not defined                  no-undef
   377:9    warning  'distilled_water1' is not defined                  no-undef
   379:13   warning  'waterfall1' is not defined                        no-undef
   381:21   warning  'standardAcid1' is not defined                     no-undef
   382:21   warning  'standardAcid1' is not defined                     no-undef
   383:21   warning  'waterfall1' is not defined                        no-undef
   384:21   warning  'sample1' is not defined                           no-undef
   385:21   warning  'sample2' is not defined                           no-undef
   386:21   warning  'sample3' is not defined                           no-undef
   389:29   warning  'distilled_water1' is not defined                  no-undef
   390:29   warning  'distilled_water1' is not defined                  no-undef
   391:29   warning  'distilled_water1' is not defined                  no-undef
   392:30   warning  'nextBtn' is not defined                           no-undef
   393:30   warning  'text' is not defined                              no-undef
   403:9    warning  'distilled_water2' is not defined                  no-undef
   405:13   warning  'distilled_water2' is not defined                  no-undef
   408:17   warning  'distilled_water2' is not defined                  no-undef
   411:17   warning  'distilled_water2' is not defined                  no-undef
   412:17   warning  'distilled_water2' is not defined                  no-undef
   415:21   warning  'waterfall2' is not defined                        no-undef
   417:25   warning  'colourlesssolution2' is not defined               no-undef
   418:25   warning  'waterfall2' is not defined                        no-undef
   419:25   warning  'colourlesssolution1' is not defined               no-undef
   422:29   warning  'distilled_water2' is not defined                  no-undef
   423:29   warning  'distilled_water2' is not defined                  no-undef
   424:29   warning  'distilled_water2' is not defined                  no-undef
   425:29   warning  'nextBtn' is not defined                           no-undef
   426:29   warning  'text' is not defined                              no-undef
   436:9    warning  'distilled_water3' is not defined                  no-undef
   438:13   warning  'distilled_water3' is not defined                  no-undef
   441:17   warning  'distilled_water3' is not defined                  no-undef
   442:17   warning  'distilled_water3' is not defined                  no-undef
   444:25   warning  'waterfall3' is not defined                        no-undef
   446:25   warning  'wtrincylinder' is not defined                     no-undef
   447:25   warning  'wtrincylinder' is not defined                     no-undef
   448:25   warning  'waterfall3' is not defined                        no-undef
   450:29   warning  'distilled_water3' is not defined                  no-undef
   451:29   warning  'distilled_water3' is not defined                  no-undef
   452:29   warning  'distilled_water3' is not defined                  no-undef
   454:29   warning  'text' is not defined                              no-undef
   464:9    warning  'distilled_water3' is not defined                  no-undef
   466:13   warning  'distilled_water3' is not defined                  no-undef
   469:17   warning  'distilled_water3' is not defined                  no-undef
   470:17   warning  'distilled_water3' is not defined                  no-undef
   472:25   warning  'waterfall3' is not defined                        no-undef
   474:25   warning  'wtrincylinder' is not defined                     no-undef
   475:25   warning  'wtrincylinder' is not defined                     no-undef
   476:26   warning  'waterfall3' is not defined                        no-undef
   478:29   warning  'distilled_water3' is not defined                  no-undef
   479:29   warning  'distilled_water3' is not defined                  no-undef
   480:29   warning  'distilled_water3' is not defined                  no-undef
   482:29   warning  'text' is not defined                              no-undef
   492:9    warning  'distilled_water3' is not defined                  no-undef
   494:13   warning  'distilled_water3' is not defined                  no-undef
   497:17   warning  'distilled_water3' is not defined                  no-undef
   498:17   warning  'distilled_water3' is not defined                  no-undef
   500:25   warning  'waterfall3' is not defined                        no-undef
   502:25   warning  'wtrincylinder' is not defined                     no-undef
   503:25   warning  'wtrincylinder' is not defined                     no-undef
   504:26   warning  'waterfall3' is not defined                        no-undef
   506:29   warning  'distilled_water3' is not defined                  no-undef
   507:29   warning  'distilled_water3' is not defined                  no-undef
   508:29   warning  'distilled_water3' is not defined                  no-undef
   510:29   warning  'text' is not defined                              no-undef
   520:9    warning  'distilled_water3' is not defined                  no-undef
   522:13   warning  'distilled_water3' is not defined                  no-undef
   525:17   warning  'distilled_water3' is not defined                  no-undef
   526:17   warning  'distilled_water3' is not defined                  no-undef
   528:25   warning  'waterfall3' is not defined                        no-undef
   530:25   warning  'wtrincylinder' is not defined                     no-undef
   531:25   warning  'wtrincylinder' is not defined                     no-undef
   532:26   warning  'waterfall3' is not defined                        no-undef
   534:29   warning  'distilled_water3' is not defined                  no-undef
   535:29   warning  'distilled_water3' is not defined                  no-undef
   536:29   warning  'distilled_water3' is not defined                  no-undef
   538:29   warning  'text' is not defined                              no-undef
   548:9    warning  'distilled_water3' is not defined                  no-undef
   550:13   warning  'distilled_water3' is not defined                  no-undef
   553:17   warning  'distilled_water3' is not defined                  no-undef
   554:17   warning  'distilled_water3' is not defined                  no-undef
   556:25   warning  'waterfall3' is not defined                        no-undef
   558:25   warning  'wtrincylinder' is not defined                     no-undef
   559:25   warning  'wtrincylinder' is not defined                     no-undef
   560:26   warning  'waterfall3' is not defined                        no-undef
   562:29   warning  'distilled_water3' is not defined                  no-undef
   563:29   warning  'distilled_water3' is not defined                  no-undef
   564:29   warning  'distilled_water3' is not defined                  no-undef
   566:29   warning  'text' is not defined                              no-undef
   569:29   warning  'nextBtn' is not defined                           no-undef
   570:29   warning  'text' is not defined                              no-undef
   587:5    warning  'stp1' is not defined                              no-undef
   588:5    warning  'nextBtn' is not defined                           no-undef
   589:5    warning  'stp2' is not defined                              no-undef
   590:5    warning  'hclName' is not defined                           no-undef
   591:5    warning  'measuringcylinderName' is not defined             no-undef
   592:5    warning  'conicalFlaskName' is not defined                  no-undef
   593:5    warning  'DistilledwaterName2' is not defined               no-undef
   594:5    warning  'text' is not defined                              no-undef
   600:5    warning  'stp2' is not defined                              no-undef
   601:5    warning  'nextBtn' is not defined                           no-undef
   602:5    warning  'stp3' is not defined                              no-undef
   603:5    warning  'testtubeName' is not defined                      no-undef
   604:5    warning  'measuringcylinderName3' is not defined            no-undef
   605:5    warning  'standartSol3' is not defined                      no-undef
   606:5    warning  'DistilledwaterName3' is not defined               no-undef
   607:5    warning  'pipette3' is not defined                          no-undef
   608:5    warning  'text' is not defined                              no-undef
   613:5    warning  'stp3' is not defined                              no-undef
   614:5    warning  'nextBtn' is not defined                           no-undef
   615:5    warning  'stp5' is not defined                              no-undef
   616:5    warning  'text' is not defined                              no-undef
   617:5    warning  'table' is not defined                             no-undef
   618:5    warning  'graph' is not defined                             no-undef
   642:5    warning  'container' is assigned a value but never used     no-unused-vars
   643:5    warning  'cylinder' is assigned a value but never used      no-unused-vars
   644:5    warning  'containercap' is assigned a value but never used  no-unused-vars
   645:5    warning  'solution' is assigned a value but never used      no-unused-vars
   647:10   warning  'movecap' is defined but never used                no-unused-vars
   650:9    warning  'hclName' is not defined                           no-undef
   651:9    warning  'measuringcylinderName' is not defined             no-undef
   652:9    warning  'conicalFlaskName' is not defined                  no-undef
   653:9    warning  'DistilledwaterName2' is not defined               no-undef
   654:10   warning  'hclCap' is not defined                            no-undef
   656:12   warning  'hclCap' is not defined                            no-undef
   659:13   warning  'hclCap' is not defined                            no-undef
   662:13   warning  'text' is not defined                              no-undef
   667:10   warning  'movecontainer' is defined but never used          no-unused-vars
   670:5    warning  'hclmaincontainer' is not defined                  no-undef
   672:13   warning  'hclmaincontainer' is not defined                  no-undef
   675:13   warning  'hclmaincontainer' is not defined                  no-undef
   677:17   warning  'solfal1' is not defined                           no-undef
   679:21   warning  'incylinder' is not defined                        no-undef
   680:21   warning  'solfal1' is not defined                           no-undef
   681:21   warning  'hclsolution' is not defined                       no-undef
   683:25   warning  'hclmaincontainer' is not defined                  no-undef
   684:25   warning  'hclmaincontainer' is not defined                  no-undef
   685:25   warning  'hclmaincontainer' is not defined                  no-undef
   687:29   warning  'hclCap' is not defined                            no-undef
   688:29   warning  'hclCap' is not defined                            no-undef
   689:29   warning  'hclCap' is not defined                            no-undef
   691:33   warning  'text' is not defined                              no-undef
   702:10   warning  'movecylinder' is defined but never used           no-unused-vars
   705:9    warning  'maincylinder' is not defined                      no-undef
   707:13   warning  'maincylinder' is not defined                      no-undef
   709:17   warning  'maincylinder' is not defined                      no-undef
   711:21   warning  'solfal2' is not defined                           no-undef
   713:25   warning  'colourlesssolution1' is not defined               no-undef
   714:25   warning  'solfal2' is not defined                           no-undef
   715:25   warning  'incylinder' is not defined                        no-undef
   718:29   warning  'maincylinder' is not defined                      no-undef
   719:29   warning  'maincylinder' is not defined                      no-undef
   720:29   warning  'maincylinder' is not defined                      no-undef
   722:29   warning  'text' is not defined                              no-undef
   732:6    warning  'mainwtrcylinder' is not defined                   no-undef
   734:9    warning  'mainwtrcylinder' is not defined                   no-undef
   736:17   warning  'mainwtrcylinder' is not defined                   no-undef
   737:17   warning  'mainwtrcylinder' is not defined                   no-undef
   739:21   warning  'wtrfalltube1' is not defined                      no-undef
   741:25   warning  'soltube1' is not defined                          no-undef
   742:25   warning  'wtrfalltube1' is not defined                      no-undef
   743:25   warning  'wtrincylinder' is not defined                     no-undef
   744:25   warning  'tubesol1' is not defined                          no-undef
   746:29   warning  'mainwtrcylinder' is not defined                   no-undef
   747:29   warning  'mainwtrcylinder' is not defined                   no-undef
   748:29   warning  'mainwtrcylinder' is not defined                   no-undef
   751:29   warning  'text' is not defined                              no-undef
   760:6    warning  'mainwtrcylinder' is not defined                   no-undef
   762:9    warning  'mainwtrcylinder' is not defined                   no-undef
   764:17   warning  'mainwtrcylinder' is not defined                   no-undef
   765:17   warning  'mainwtrcylinder' is not defined                   no-undef
   767:21   warning  'wtrfalltube2' is not defined                      no-undef
   769:25   warning  'soltube2' is not defined                          no-undef
   770:25   warning  'wtrfalltube2' is not defined                      no-undef
   771:25   warning  'wtrincylinder' is not defined                     no-undef
   772:25   warning  'tubesol2' is not defined                          no-undef
   774:29   warning  'mainwtrcylinder' is not defined                   no-undef
   775:29   warning  'mainwtrcylinder' is not defined                   no-undef
   776:29   warning  'mainwtrcylinder' is not defined                   no-undef
   778:29   warning  'text' is not defined                              no-undef
   788:6    warning  'mainwtrcylinder' is not defined                   no-undef
   790:9    warning  'mainwtrcylinder' is not defined                   no-undef
   792:17   warning  'mainwtrcylinder' is not defined                   no-undef
   793:17   warning  'mainwtrcylinder' is not defined                   no-undef
   795:21   warning  'wtrfalltube3' is not defined                      no-undef
   797:25   warning  'soltube3' is not defined                          no-undef
   798:25   warning  'wtrfalltube3' is not defined                      no-undef
   799:25   warning  'wtrincylinder' is not defined                     no-undef
   800:25   warning  'tubesol3' is not defined                          no-undef
   802:29   warning  'mainwtrcylinder' is not defined                   no-undef
   803:29   warning  'mainwtrcylinder' is not defined                   no-undef
   804:29   warning  'mainwtrcylinder' is not defined                   no-undef
   806:29   warning  'text' is not defined                              no-undef
   816:6    warning  'mainwtrcylinder' is not defined                   no-undef
   818:9    warning  'mainwtrcylinder' is not defined                   no-undef
   820:17   warning  'mainwtrcylinder' is not defined                   no-undef
   821:17   warning  'mainwtrcylinder' is not defined                   no-undef
   823:21   warning  'wtrfalltube4' is not defined                      no-undef
   825:25   warning  'soltube4' is not defined                          no-undef
   826:25   warning  'wtrfalltube4' is not defined                      no-undef
   827:25   warning  'wtrincylinder' is not defined                     no-undef
   828:25   warning  'tubesol4' is not defined                          no-undef
   830:29   warning  'mainwtrcylinder' is not defined                   no-undef
   831:29   warning  'mainwtrcylinder' is not defined                   no-undef
   832:29   warning  'mainwtrcylinder' is not defined                   no-undef
   834:29   warning  'text' is not defined                              no-undef
   844:6    warning  'mainwtrcylinder' is not defined                   no-undef
   846:9    warning  'mainwtrcylinder' is not defined                   no-undef
   848:17   warning  'mainwtrcylinder' is not defined                   no-undef
   849:17   warning  'mainwtrcylinder' is not defined                   no-undef
   851:21   warning  'wtrfalltube5' is not defined                      no-undef
   853:25   warning  'soltube5' is not defined                          no-undef
   854:25   warning  'wtrfalltube5' is not defined                      no-undef
   855:25   warning  'wtrincylinder' is not defined                     no-undef
   856:25   warning  'tubesol5' is not defined                          no-undef
   858:29   warning  'mainwtrcylinder' is not defined                   no-undef
   859:29   warning  'mainwtrcylinder' is not defined                   no-undef
   860:29   warning  'mainwtrcylinder' is not defined                   no-undef
   872:10   warning  'movepipette' is defined but never used            no-unused-vars
   875:9    warning  'testtubeName' is not defined                      no-undef
   876:9    warning  'measuringcylinderName3' is not defined            no-undef
   877:9    warning  'standartSol3' is not defined                      no-undef
   878:9    warning  'DistilledwaterName3' is not defined               no-undef
   879:9    warning  'pipette3' is not defined                          no-undef
   880:13   warning  'pipette' is not defined                           no-undef
   882:17   warning  'pipette' is not defined                           no-undef
   885:21   warning  'pipette' is not defined                           no-undef
   886:21   warning  'pipette' is not defined                           no-undef
   887:21   warning  'pipette' is not defined                           no-undef
   889:25   warning  'pipsol1' is not defined                           no-undef
   890:25   warning  'solution3' is not defined                         no-undef
   892:29   warning  'pipette' is not defined                           no-undef
   893:29   warning  'pipsol1' is not defined                           no-undef
   896:33   warning  'pipette' is not defined                           no-undef
   897:33   warning  'pipsol1' is not defined                           no-undef
   899:37   warning  'pipette' is not defined                           no-undef
   900:37   warning  'pipsol1' is not defined                           no-undef
   902:41   warning  'solfall1' is not defined                          no-undef
   903:41   warning  'pipsol1' is not defined                           no-undef
   907:45   warning  'tubesol1' is not defined                          no-undef
   908:45   warning  'solfall1' is not defined                          no-undef
   909:45   warning  'pipette' is not defined                           no-undef
   912:49   warning  'pipette' is not defined                           no-undef
   913:49   warning  'pipette' is not defined                           no-undef
   914:49   warning  'pipette' is not defined                           no-undef
   915:49   warning  'pipette' is not defined                           no-undef
   917:49   warning  'text' is not defined                              no-undef
   931:14   warning  'pipette' is not defined                           no-undef
   933:17   warning  'pipette' is not defined                           no-undef
   936:21   warning  'pipette' is not defined                           no-undef
   937:21   warning  'pipette' is not defined                           no-undef
   938:21   warning  'pipette' is not defined                           no-undef
   940:25   warning  'pipsol2' is not defined                           no-undef
   941:25   warning  'solution3' is not defined                         no-undef
   943:29   warning  'pipette' is not defined                           no-undef
   944:29   warning  'pipsol2' is not defined                           no-undef
   947:33   warning  'pipette' is not defined                           no-undef
   948:33   warning  'pipsol2' is not defined                           no-undef
   950:37   warning  'pipette' is not defined                           no-undef
   951:37   warning  'pipsol2' is not defined                           no-undef
   953:41   warning  'solfall2' is not defined                          no-undef
   954:41   warning  'pipsol2' is not defined                           no-undef
   958:45   warning  'tubesol2' is not defined                          no-undef
   959:45   warning  'solfall2' is not defined                          no-undef
   960:45   warning  'pipette' is not defined                           no-undef
   963:49   warning  'pipette' is not defined                           no-undef
   964:49   warning  'pipette' is not defined                           no-undef
   965:49   warning  'pipette' is not defined                           no-undef
   966:49   warning  'pipette' is not defined                           no-undef
   968:49   warning  'text' is not defined                              no-undef
   983:13   warning  'pipette' is not defined                           no-undef
   985:17   warning  'pipette' is not defined                           no-undef
   988:21   warning  'pipette' is not defined                           no-undef
   989:21   warning  'pipette' is not defined                           no-undef
   990:21   warning  'pipette' is not defined                           no-undef
   992:25   warning  'pipsol3' is not defined                           no-undef
   993:25   warning  'solution3' is not defined                         no-undef
   995:29   warning  'pipette' is not defined                           no-undef
   996:29   warning  'pipsol3' is not defined                           no-undef
   999:33   warning  'pipette' is not defined                           no-undef
  1000:33   warning  'pipsol3' is not defined                           no-undef
  1002:37   warning  'pipette' is not defined                           no-undef
  1003:37   warning  'pipsol3' is not defined                           no-undef
  1005:41   warning  'solfall3' is not defined                          no-undef
  1006:41   warning  'pipsol3' is not defined                           no-undef
  1010:45   warning  'tubesol3' is not defined                          no-undef
  1011:45   warning  'solfall3' is not defined                          no-undef
  1012:45   warning  'pipette' is not defined                           no-undef
  1015:49   warning  'pipette' is not defined                           no-undef
  1016:49   warning  'pipette' is not defined                           no-undef
  1017:49   warning  'pipette' is not defined                           no-undef
  1018:49   warning  'pipette' is not defined                           no-undef
  1020:49   warning  'text' is not defined                              no-undef
  1036:13   warning  'pipette' is not defined                           no-undef
  1038:17   warning  'pipette' is not defined                           no-undef
  1041:21   warning  'pipette' is not defined                           no-undef
  1042:21   warning  'pipette' is not defined                           no-undef
  1043:21   warning  'pipette' is not defined                           no-undef
  1045:25   warning  'pipsol4' is not defined                           no-undef
  1048:29   warning  'pipette' is not defined                           no-undef
  1049:29   warning  'pipsol4' is not defined                           no-undef
  1052:33   warning  'pipette' is not defined                           no-undef
  1053:33   warning  'pipsol4' is not defined                           no-undef
  1055:37   warning  'pipette' is not defined                           no-undef
  1056:37   warning  'pipsol4' is not defined                           no-undef
  1058:41   warning  'solfall4' is not defined                          no-undef
  1059:41   warning  'pipsol4' is not defined                           no-undef
  1063:45   warning  'tubesol4' is not defined                          no-undef
  1064:45   warning  'solfall4' is not defined                          no-undef
  1065:45   warning  'pipette' is not defined                           no-undef
  1068:49   warning  'pipette' is not defined                           no-undef
  1069:49   warning  'pipette' is not defined                           no-undef
  1070:49   warning  'pipette' is not defined                           no-undef
  1071:49   warning  'pipette' is not defined                           no-undef
  1073:49   warning  'text' is not defined                              no-undef
  1088:13   warning  'pipette' is not defined                           no-undef
  1090:17   warning  'pipette' is not defined                           no-undef
  1093:21   warning  'pipette' is not defined                           no-undef
  1094:21   warning  'pipette' is not defined                           no-undef
  1095:21   warning  'pipette' is not defined                           no-undef
  1097:25   warning  'pipsol5' is not defined                           no-undef
  1100:29   warning  'pipette' is not defined                           no-undef
  1101:29   warning  'pipsol5' is not defined                           no-undef
  1104:33   warning  'pipette' is not defined                           no-undef
  1105:33   warning  'pipsol5' is not defined                           no-undef
  1107:37   warning  'pipette' is not defined                           no-undef
  1108:37   warning  'pipsol5' is not defined                           no-undef
  1110:41   warning  'solfall5' is not defined                          no-undef
  1111:41   warning  'pipsol5' is not defined                           no-undef
  1115:45   warning  'tubesol5' is not defined                          no-undef
  1116:45   warning  'solfall5' is not defined                          no-undef
  1117:45   warning  'pipette' is not defined                           no-undef
  1120:49   warning  'pipette' is not defined                           no-undef
  1121:49   warning  'pipette' is not defined                           no-undef
  1122:49   warning  'pipette' is not defined                           no-undef
  1123:49   warning  'pipette' is not defined                           no-undef
  1125:49   warning  'text' is not defined                              no-undef

✖ 437 problems (0 errors, 437 warnings)

